<?xml version="1.0" encoding="UTF-8"?>
<!-- Generated by org.testng.reporters.JUnitReportReporter -->
<testsuite hostname="DESKTOP-NKM27P9" failures="0" tests="1" name="WebAutomationChallenge.WebAutomationChallenge.SignUpTest" time="69.341" errors="0" timestamp="27 Mar 2021 02:43:58 GMT" skipped="0">
  <testcase classname="WebAutomationChallenge.WebAutomationChallenge.SignUpTest" name="signUp" time="69.341"/>
</testsuite> <!-- WebAutomationChallenge.WebAutomationChallenge.SignUpTest -->
