<?xml version="1.0" encoding="UTF-8"?>
<!-- Generated by org.testng.reporters.JUnitReportReporter -->
<testsuite hostname="DESKTOP-NKM27P9" failures="0" tests="1" name="WebAutomationChallenge.WebAutomationChallenge.SearchBook" time="3.146" errors="0" timestamp="28 Mar 2021 22:44:44 GMT" skipped="0">
  <testcase classname="WebAutomationChallenge.WebAutomationChallenge.SearchBook" name="searchBook" time="3.146"/>
</testsuite> <!-- WebAutomationChallenge.WebAutomationChallenge.SearchBook -->
