<?xml version="1.0" encoding="UTF-8"?>
<!-- Generated by org.testng.reporters.JUnitReportReporter -->
<testsuite hostname="DESKTOP-NKM27P9" failures="0" tests="1" name="WebAutomationChallenge.WebAutomationChallenge.TestCase1" time="217.945" errors="0" timestamp="26 Mar 2021 20:12:04 GMT" skipped="0">
  <testcase classname="WebAutomationChallenge.WebAutomationChallenge.TestCase1" name="signUp" time="217.945"/>
</testsuite> <!-- WebAutomationChallenge.WebAutomationChallenge.TestCase1 -->
