<?xml version="1.0" encoding="UTF-8"?>
<!-- Generated by org.testng.reporters.JUnitReportReporter -->
<testsuite hostname="DESKTOP-NKM27P9" failures="0" tests="1" name="WebAutomationChallenge.WebAutomationChallenge.SearchBook" time="1.790" errors="0" timestamp="27 Mar 2021 15:14:23 GMT" skipped="0">
  <testcase classname="WebAutomationChallenge.WebAutomationChallenge.SearchBook" name="searchBook" time="1.790"/>
</testsuite> <!-- WebAutomationChallenge.WebAutomationChallenge.SearchBook -->
